
  .   ____          _            __ _ _
 /\\ / ___'_ __ _ _(_)_ __  __ _ \ \ \ \
( ( )\___ | '_ | '_| | '_ \/ _` | \ \ \ \
 \\/  ___)| |_)| | | | | || (_| |  ) ) ) )
  '  |____| .__|_| |_|_| |_\__, | / / / /
 =========|_|==============|___/=/_/_/_/

 :: Spring Boot ::                (v3.5.5)

2025-09-17T12:03:27.528+07:00  INFO 11852 --- [vietstudy_backend] [           main] c.e.v.VietstudyBackendApplication        : Starting VietstudyBackendApplication v0.0.1-SNAPSHOT using Java 17.0.15 with PID 11852 (C:\Users\daoqu\Documents\InternProject\vietstudy_backend\target\vietstudy_backend-0.0.1-SNAPSHOT.jar started by daoqu in C:\Users\daoqu\Documents\InternProject\vietstudy_backend)
2025-09-17T12:03:27.531+07:00  INFO 11852 --- [vietstudy_backend] [           main] c.e.v.VietstudyBackendApplication        : No active profile set, falling back to 1 default profile: "default"
2025-09-17T12:03:28.636+07:00  INFO 11852 --- [vietstudy_backend] [           main] .s.d.r.c.RepositoryConfigurationDelegate : Bootstrapping Spring Data JPA repositories in DEFAULT mode.
2025-09-17T12:03:28.808+07:00  INFO 11852 --- [vietstudy_backend] [           main] .s.d.r.c.RepositoryConfigurationDelegate : Finished Spring Data repository scanning in 151 ms. Found 2 JPA repository interfaces.
2025-09-17T12:03:29.714+07:00  INFO 11852 --- [vietstudy_backend] [           main] o.s.b.w.embedded.tomcat.TomcatWebServer  : Tomcat initialized with port 8081 (http)
2025-09-17T12:03:29.731+07:00  INFO 11852 --- [vietstudy_backend] [           main] o.apache.catalina.core.StandardService   : Starting service [Tomcat]
2025-09-17T12:03:29.731+07:00  INFO 11852 --- [vietstudy_backend] [           main] o.apache.catalina.core.StandardEngine    : Starting Servlet engine: [Apache Tomcat/10.1.44]
2025-09-17T12:03:29.772+07:00  INFO 11852 --- [vietstudy_backend] [           main] o.a.c.c.C.[Tomcat].[localhost].[/]       : Initializing Spring embedded WebApplicationContext
2025-09-17T12:03:29.774+07:00  INFO 11852 --- [vietstudy_backend] [           main] w.s.c.ServletWebServerApplicationContext : Root WebApplicationContext: initialization completed in 2170 ms
2025-09-17T12:03:30.050+07:00  INFO 11852 --- [vietstudy_backend] [           main] o.hibernate.jpa.internal.util.LogHelper  : HHH000204: Processing PersistenceUnitInfo [name: default]
2025-09-17T12:03:30.137+07:00  INFO 11852 --- [vietstudy_backend] [           main] org.hibernate.Version                    : HHH000412: Hibernate ORM core version 6.6.26.Final
2025-09-17T12:03:30.191+07:00  INFO 11852 --- [vietstudy_backend] [           main] o.h.c.internal.RegionFactoryInitiator    : HHH000026: Second-level cache disabled
2025-09-17T12:03:30.696+07:00  INFO 11852 --- [vietstudy_backend] [           main] o.s.o.j.p.SpringPersistenceUnitInfo      : No LoadTimeWeaver setup: ignoring JPA class transformer
2025-09-17T12:03:30.777+07:00  INFO 11852 --- [vietstudy_backend] [           main] com.zaxxer.hikari.HikariDataSource       : HikariPool-1 - Starting...
2025-09-17T12:03:31.533+07:00  INFO 11852 --- [vietstudy_backend] [           main] com.zaxxer.hikari.pool.HikariPool        : HikariPool-1 - Added connection com.mysql.cj.jdbc.ConnectionImpl@18d610e1
2025-09-17T12:03:31.537+07:00  INFO 11852 --- [vietstudy_backend] [           main] com.zaxxer.hikari.HikariDataSource       : HikariPool-1 - Start completed.
2025-09-17T12:03:31.660+07:00  WARN 11852 --- [vietstudy_backend] [           main] org.hibernate.orm.deprecation            : HHH90000025: MySQL8Dialect does not need to be specified explicitly using 'hibernate.dialect' (remove the property setting and it will be selected by default)
2025-09-17T12:03:31.662+07:00  WARN 11852 --- [vietstudy_backend] [           main] org.hibernate.orm.deprecation            : HHH90000026: MySQL8Dialect has been deprecated; use org.hibernate.dialect.MySQLDialect instead
2025-09-17T12:03:31.703+07:00  INFO 11852 --- [vietstudy_backend] [           main] org.hibernate.orm.connections.pooling    : HHH10001005: Database info:
	Database JDBC URL [Connecting through datasource 'HikariDataSource (HikariPool-1)']
	Database driver: undefined/unknown
	Database version: 8.0
	Autocommit mode: undefined/unknown
	Isolation level: undefined/unknown
	Minimum pool size: undefined/unknown
	Maximum pool size: undefined/unknown
2025-09-17T12:03:33.081+07:00  INFO 11852 --- [vietstudy_backend] [           main] o.h.e.t.j.p.i.JtaPlatformInitiator       : HHH000489: No JTA platform available (set 'hibernate.transaction.jta.platform' to enable JTA platform integration)
2025-09-17T12:03:33.085+07:00  INFO 11852 --- [vietstudy_backend] [           main] j.LocalContainerEntityManagerFactoryBean : Initialized JPA EntityManagerFactory for persistence unit 'default'
2025-09-17T12:03:34.066+07:00  WARN 11852 --- [vietstudy_backend] [           main] JpaBaseConfiguration$JpaWebConfiguration : spring.jpa.open-in-view is enabled by default. Therefore, database queries may be performed during view rendering. Explicitly configure spring.jpa.open-in-view to disable this warning
2025-09-17T12:03:34.588+07:00  INFO 11852 --- [vietstudy_backend] [           main] o.s.b.w.embedded.tomcat.TomcatWebServer  : Tomcat started on port 8081 (http) with context path '/'
2025-09-17T12:03:34.612+07:00  INFO 11852 --- [vietstudy_backend] [           main] c.e.v.VietstudyBackendApplication        : Started VietstudyBackendApplication in 7.852 seconds (process running for 8.437)
